[18-07-2016 06:41:55] PayPal\Core\PayPalHttpConnection : INFO: POST https://api.sandbox.paypal.com/v1/oauth2/token
[18-07-2016 06:42:00] PayPal\Core\PayPalHttpConnection : INFO: Response Status 	: 200
[18-07-2016 06:42:00] PayPal\Core\PayPalHttpConnection : INFO: POST https://api.sandbox.paypal.com/v1/payments/payment
[18-07-2016 06:42:03] PayPal\Core\PayPalHttpConnection : INFO: Response Status 	: 201
[18-07-2016 06:42:17] PayPal\Core\PayPalHttpConnection : INFO: POST https://api.sandbox.paypal.com/v1/oauth2/token
[18-07-2016 06:42:18] PayPal\Core\PayPalHttpConnection : INFO: Response Status 	: 200
[18-07-2016 06:42:18] PayPal\Core\PayPalHttpConnection : INFO: POST https://api.sandbox.paypal.com/v1/payments/payment
[18-07-2016 06:42:21] PayPal\Core\PayPalHttpConnection : INFO: Response Status 	: 201
[18-07-2016 06:42:37] PayPal\Core\PayPalHttpConnection : INFO: POST https://api.sandbox.paypal.com/v1/oauth2/token
[18-07-2016 06:42:39] PayPal\Core\PayPalHttpConnection : INFO: Response Status 	: 200
[18-07-2016 06:42:39] PayPal\Core\PayPalHttpConnection : INFO: POST https://api.sandbox.paypal.com/v1/payments/payment
[18-07-2016 06:42:41] PayPal\Core\PayPalHttpConnection : INFO: Response Status 	: 201
[18-07-2016 06:43:01] PayPal\Core\PayPalHttpConnection : INFO: POST https://api.sandbox.paypal.com/v1/oauth2/token
[18-07-2016 06:43:03] PayPal\Core\PayPalHttpConnection : INFO: Response Status 	: 200
[18-07-2016 06:43:03] PayPal\Core\PayPalHttpConnection : INFO: POST https://api.sandbox.paypal.com/v1/payments/payment
[18-07-2016 06:43:05] PayPal\Core\PayPalHttpConnection : INFO: Response Status 	: 201
[18-07-2016 06:48:53] PayPal\Core\PayPalHttpConnection : INFO: POST https://api.sandbox.paypal.com/v1/oauth2/token
[18-07-2016 06:48:57] PayPal\Core\PayPalHttpConnection : INFO: Response Status 	: 200
[18-07-2016 06:48:57] PayPal\Core\PayPalHttpConnection : INFO: POST https://api.sandbox.paypal.com/v1/payments/payment
[18-07-2016 06:49:03] PayPal\Core\PayPalHttpConnection : INFO: Response Status 	: 201
[18-07-2016 06:51:46] PayPal\Core\PayPalHttpConnection : INFO: POST https://api.sandbox.paypal.com/v1/oauth2/token
[18-07-2016 06:51:47] PayPal\Core\PayPalHttpConnection : INFO: Response Status 	: 200
[18-07-2016 06:51:47] PayPal\Core\PayPalHttpConnection : INFO: POST https://api.sandbox.paypal.com/v1/payments/payment
[18-07-2016 06:51:52] PayPal\Core\PayPalHttpConnection : INFO: Response Status 	: 201
[18-07-2016 07:00:20] PayPal\Core\PayPalHttpConnection : INFO: POST https://api.sandbox.paypal.com/v1/oauth2/token
[18-07-2016 07:00:22] PayPal\Core\PayPalHttpConnection : INFO: Response Status 	: 200
[18-07-2016 07:00:22] PayPal\Core\PayPalHttpConnection : INFO: POST https://api.sandbox.paypal.com/v1/payments/payment
[18-07-2016 07:00:42] PayPal\Core\PayPalHttpConnection : INFO: POST https://api.sandbox.paypal.com/v1/oauth2/token
[18-07-2016 07:00:43] PayPal\Core\PayPalHttpConnection : INFO: Response Status 	: 200
[18-07-2016 07:00:43] PayPal\Core\PayPalHttpConnection : INFO: POST https://api.sandbox.paypal.com/v1/payments/payment
[18-07-2016 07:00:55] PayPal\Core\PayPalHttpConnection : INFO: Response Status 	: 201
[18-07-2016 07:02:17] PayPal\Core\PayPalHttpConnection : INFO: POST https://api.sandbox.paypal.com/v1/oauth2/token
[18-07-2016 07:02:19] PayPal\Core\PayPalHttpConnection : INFO: Response Status 	: 200
[18-07-2016 07:02:19] PayPal\Core\PayPalHttpConnection : INFO: POST https://api.sandbox.paypal.com/v1/payments/payment
[18-07-2016 07:02:30] PayPal\Core\PayPalHttpConnection : INFO: Response Status 	: 201
[18-07-2016 07:03:14] PayPal\Core\PayPalHttpConnection : INFO: POST https://api.sandbox.paypal.com/v1/oauth2/token
[18-07-2016 07:03:15] PayPal\Core\PayPalHttpConnection : INFO: Response Status 	: 200
[18-07-2016 07:03:15] PayPal\Core\PayPalHttpConnection : INFO: POST https://api.sandbox.paypal.com/v1/payments/payment
[18-07-2016 07:03:27] PayPal\Core\PayPalHttpConnection : INFO: Response Status 	: 201
[18-07-2016 07:05:45] PayPal\Core\PayPalHttpConnection : INFO: POST https://api.sandbox.paypal.com/v1/oauth2/token
[18-07-2016 07:05:47] PayPal\Core\PayPalHttpConnection : INFO: Response Status 	: 200
[18-07-2016 07:05:47] PayPal\Core\PayPalHttpConnection : INFO: POST https://api.sandbox.paypal.com/v1/payments/payment
[18-07-2016 07:05:52] PayPal\Core\PayPalHttpConnection : INFO: Response Status 	: 201
[18-07-2016 07:06:59] PayPal\Core\PayPalHttpConnection : INFO: POST https://api.sandbox.paypal.com/v1/oauth2/token
[18-07-2016 07:07:01] PayPal\Core\PayPalHttpConnection : INFO: Response Status 	: 200
[18-07-2016 07:07:01] PayPal\Core\PayPalHttpConnection : INFO: POST https://api.sandbox.paypal.com/v1/payments/payment
[18-07-2016 07:07:06] PayPal\Core\PayPalHttpConnection : INFO: Response Status 	: 201
[18-07-2016 07:07:50] PayPal\Core\PayPalHttpConnection : INFO: POST https://api.sandbox.paypal.com/v1/oauth2/token
[18-07-2016 07:07:57] PayPal\Core\PayPalHttpConnection : INFO: Response Status 	: 200
[18-07-2016 07:07:57] PayPal\Core\PayPalHttpConnection : INFO: POST https://api.sandbox.paypal.com/v1/payments/payment
[18-07-2016 07:08:03] PayPal\Core\PayPalHttpConnection : INFO: Response Status 	: 201
[18-07-2016 07:11:48] PayPal\Core\PayPalHttpConnection : INFO: POST https://api.sandbox.paypal.com/v1/oauth2/token
[18-07-2016 07:11:49] PayPal\Core\PayPalHttpConnection : INFO: Response Status 	: 200
[18-07-2016 07:11:49] PayPal\Core\PayPalHttpConnection : INFO: POST https://api.sandbox.paypal.com/v1/payments/payment
[18-07-2016 07:12:02] PayPal\Core\PayPalHttpConnection : INFO: Response Status 	: 201
[18-07-2016 07:14:39] PayPal\Core\PayPalHttpConnection : INFO: POST https://api.sandbox.paypal.com/v1/oauth2/token
[18-07-2016 07:14:40] PayPal\Core\PayPalHttpConnection : INFO: Response Status 	: 200
[18-07-2016 07:14:40] PayPal\Core\PayPalHttpConnection : INFO: POST https://api.sandbox.paypal.com/v1/payments/payment
[18-07-2016 07:14:52] PayPal\Core\PayPalHttpConnection : INFO: Response Status 	: 201
[18-07-2016 07:21:17] PayPal\Core\PayPalHttpConnection : INFO: POST https://api.sandbox.paypal.com/v1/oauth2/token
[18-07-2016 07:21:19] PayPal\Core\PayPalHttpConnection : INFO: Response Status 	: 200
[18-07-2016 07:21:19] PayPal\Core\PayPalHttpConnection : INFO: POST https://api.sandbox.paypal.com/v1/payments/payment
[18-07-2016 07:21:24] PayPal\Core\PayPalHttpConnection : INFO: Response Status 	: 201
[18-07-2016 07:24:42] PayPal\Core\PayPalHttpConnection : INFO: POST https://api.sandbox.paypal.com/v1/oauth2/token
[18-07-2016 07:24:45] PayPal\Core\PayPalHttpConnection : INFO: Response Status 	: 200
[18-07-2016 07:24:45] PayPal\Core\PayPalHttpConnection : INFO: POST https://api.sandbox.paypal.com/v1/payments/payment
[18-07-2016 07:24:50] PayPal\Core\PayPalHttpConnection : INFO: Response Status 	: 201
[18-07-2016 07:30:53] PayPal\Core\PayPalHttpConnection : INFO: POST https://api.sandbox.paypal.com/v1/oauth2/token
[18-07-2016 07:30:58] PayPal\Core\PayPalHttpConnection : INFO: Response Status 	: 200
[18-07-2016 07:30:58] PayPal\Core\PayPalHttpConnection : INFO: POST https://api.sandbox.paypal.com/v1/payments/payment
[18-07-2016 07:31:10] PayPal\Core\PayPalHttpConnection : INFO: Response Status 	: 201
[18-07-2016 08:36:53] PayPal\Core\PayPalHttpConnection : INFO: POST https://api.sandbox.paypal.com/v1/oauth2/token
[18-07-2016 08:36:55] PayPal\Core\PayPalHttpConnection : INFO: Response Status 	: 200
[18-07-2016 08:36:55] PayPal\Core\PayPalHttpConnection : INFO: POST https://api.sandbox.paypal.com/v1/payments/payment
[18-07-2016 08:37:01] PayPal\Core\PayPalHttpConnection : INFO: Response Status 	: 201
[18-07-2016 09:41:55] PayPal\Core\PayPalHttpConnection : INFO: POST https://api.sandbox.paypal.com/v1/oauth2/token
[18-07-2016 09:41:56] PayPal\Core\PayPalHttpConnection : INFO: Response Status 	: 200
[18-07-2016 09:41:56] PayPal\Core\PayPalHttpConnection : INFO: POST https://api.sandbox.paypal.com/v1/payments/payment
[18-07-2016 09:42:02] PayPal\Core\PayPalHttpConnection : INFO: Response Status 	: 201
[18-07-2016 09:44:12] PayPal\Core\PayPalHttpConnection : INFO: POST https://api.sandbox.paypal.com/v1/oauth2/token
[18-07-2016 09:44:14] PayPal\Core\PayPalHttpConnection : INFO: Response Status 	: 200
[18-07-2016 09:44:14] PayPal\Core\PayPalHttpConnection : INFO: POST https://api.sandbox.paypal.com/v1/payments/payment
[18-07-2016 09:44:26] PayPal\Core\PayPalHttpConnection : INFO: Response Status 	: 201
[18-07-2016 02:24:27] PayPal\Core\PayPalHttpConnection : INFO: POST https://api.sandbox.paypal.com/v1/oauth2/token
[18-07-2016 02:24:48] PayPal\Core\PayPalHttpConnection : INFO: POST https://api.sandbox.paypal.com/v1/oauth2/token
[18-07-2016 02:24:50] PayPal\Core\PayPalHttpConnection : INFO: Response Status 	: 200
[18-07-2016 02:24:50] PayPal\Core\PayPalHttpConnection : INFO: POST https://api.sandbox.paypal.com/v1/payments/payment
[18-07-2016 02:25:02] PayPal\Core\PayPalHttpConnection : INFO: Response Status 	: 201
[20-07-2016 10:02:16] PayPal\Core\PayPalHttpConnection : INFO: POST https://api.sandbox.paypal.com/v1/oauth2/token
[20-07-2016 10:02:18] PayPal\Core\PayPalHttpConnection : INFO: Response Status 	: 200
[20-07-2016 10:02:18] PayPal\Core\PayPalHttpConnection : INFO: POST https://api.sandbox.paypal.com/v1/payments/payment
[20-07-2016 10:02:30] PayPal\Core\PayPalHttpConnection : INFO: Response Status 	: 201
[21-07-2016 05:16:24] PayPal\Core\PayPalHttpConnection : INFO: POST https://api.sandbox.paypal.com/v1/oauth2/token
[21-07-2016 05:16:27] PayPal\Core\PayPalHttpConnection : INFO: Response Status 	: 200
[21-07-2016 05:16:27] PayPal\Core\PayPalHttpConnection : INFO: POST https://api.sandbox.paypal.com/v1/payments/payment
[21-07-2016 05:16:28] PayPal\Core\PayPalHttpConnection : INFO: Response Status 	: 400
[21-07-2016 05:16:28] PayPal\Core\PayPalHttpConnection : ERROR: Got Http response code 400 when accessing https://api.sandbox.paypal.com/v1/payments/payment. {"name":"VALIDATION_ERROR","details":[{"field":"transactions[0].amount.total","issue":"Required field is missing."},{"field":"transactions[0].item_list.items[0].price","issue":"Required field is missing."},{"field":"transactions[0].item_list.items[0].name","issue":"Value must not be blank."}],"message":"Invalid request. See details.","information_link":"https://developer.paypal.com/webapps/developer/docs/api/#VALIDATION_ERROR","debug_id":"c3e4f9023d26"}
[21-07-2016 05:24:15] PayPal\Core\PayPalHttpConnection : INFO: POST https://api.sandbox.paypal.com/v1/oauth2/token
[21-07-2016 05:24:17] PayPal\Core\PayPalHttpConnection : INFO: Response Status 	: 200
[21-07-2016 05:24:17] PayPal\Core\PayPalHttpConnection : INFO: POST https://api.sandbox.paypal.com/v1/payments/payment
[21-07-2016 05:24:18] PayPal\Core\PayPalHttpConnection : INFO: Response Status 	: 400
[21-07-2016 05:24:18] PayPal\Core\PayPalHttpConnection : ERROR: Got Http response code 400 when accessing https://api.sandbox.paypal.com/v1/payments/payment. {"name":"VALIDATION_ERROR","details":[{"field":"transactions[0].amount.total","issue":"Required field is missing."},{"field":"transactions[0].item_list.items[0].price","issue":"Required field is missing."},{"field":"transactions[0].item_list.items[0].name","issue":"Value must not be blank."}],"message":"Invalid request. See details.","information_link":"https://developer.paypal.com/webapps/developer/docs/api/#VALIDATION_ERROR","debug_id":"3cf835c561894"}
[21-07-2016 05:25:41] PayPal\Core\PayPalHttpConnection : INFO: POST https://api.sandbox.paypal.com/v1/oauth2/token
[21-07-2016 05:25:42] PayPal\Core\PayPalHttpConnection : INFO: Response Status 	: 200
[21-07-2016 05:25:42] PayPal\Core\PayPalHttpConnection : INFO: POST https://api.sandbox.paypal.com/v1/payments/payment
[21-07-2016 05:25:43] PayPal\Core\PayPalHttpConnection : INFO: Response Status 	: 400
[21-07-2016 05:25:43] PayPal\Core\PayPalHttpConnection : ERROR: Got Http response code 400 when accessing https://api.sandbox.paypal.com/v1/payments/payment. {"name":"VALIDATION_ERROR","details":[{"field":"transactions[0].amount.total","issue":"Required field is missing."},{"field":"transactions[0].item_list.items[0].price","issue":"Required field is missing."},{"field":"transactions[0].item_list.items[0].name","issue":"Value must not be blank."}],"message":"Invalid request. See details.","information_link":"https://developer.paypal.com/webapps/developer/docs/api/#VALIDATION_ERROR","debug_id":"31011e758523b"}
[21-07-2016 05:26:23] PayPal\Core\PayPalHttpConnection : INFO: POST https://api.sandbox.paypal.com/v1/oauth2/token
[21-07-2016 05:26:24] PayPal\Core\PayPalHttpConnection : INFO: Response Status 	: 200
[21-07-2016 05:26:24] PayPal\Core\PayPalHttpConnection : INFO: POST https://api.sandbox.paypal.com/v1/payments/payment
[21-07-2016 05:26:25] PayPal\Core\PayPalHttpConnection : INFO: Response Status 	: 400
[21-07-2016 05:26:25] PayPal\Core\PayPalHttpConnection : ERROR: Got Http response code 400 when accessing https://api.sandbox.paypal.com/v1/payments/payment. {"name":"VALIDATION_ERROR","details":[{"field":"transactions[0].item_list.items[0].name","issue":"Value must not be blank."},{"field":"transactions[0].item_list.items[0].price","issue":"Required field is missing."},{"field":"transactions[0].amount.total","issue":"Required field is missing."}],"message":"Invalid request. See details.","information_link":"https://developer.paypal.com/webapps/developer/docs/api/#VALIDATION_ERROR","debug_id":"6fe6b0e97553f"}
[21-07-2016 05:27:40] PayPal\Core\PayPalHttpConnection : INFO: POST https://api.sandbox.paypal.com/v1/oauth2/token
[21-07-2016 05:27:41] PayPal\Core\PayPalHttpConnection : INFO: Response Status 	: 200
[21-07-2016 05:27:41] PayPal\Core\PayPalHttpConnection : INFO: POST https://api.sandbox.paypal.com/v1/payments/payment
[21-07-2016 05:27:42] PayPal\Core\PayPalHttpConnection : INFO: Response Status 	: 400
[21-07-2016 05:27:42] PayPal\Core\PayPalHttpConnection : ERROR: Got Http response code 400 when accessing https://api.sandbox.paypal.com/v1/payments/payment. {"name":"VALIDATION_ERROR","details":[{"field":"transactions[0].item_list.items[0].price","issue":"Required field is missing."},{"field":"transactions[0].item_list.items[0].name","issue":"Value must not be blank."},{"field":"transactions[0].amount.total","issue":"Required field is missing."}],"message":"Invalid request. See details.","information_link":"https://developer.paypal.com/webapps/developer/docs/api/#VALIDATION_ERROR","debug_id":"31af44504af84"}
[21-07-2016 05:28:31] PayPal\Core\PayPalHttpConnection : INFO: POST https://api.sandbox.paypal.com/v1/oauth2/token
[21-07-2016 05:28:34] PayPal\Core\PayPalHttpConnection : INFO: Response Status 	: 200
[21-07-2016 05:28:34] PayPal\Core\PayPalHttpConnection : INFO: POST https://api.sandbox.paypal.com/v1/payments/payment
[21-07-2016 05:28:36] PayPal\Core\PayPalHttpConnection : INFO: Response Status 	: 400
[21-07-2016 05:28:36] PayPal\Core\PayPalHttpConnection : ERROR: Got Http response code 400 when accessing https://api.sandbox.paypal.com/v1/payments/payment. {"name":"VALIDATION_ERROR","details":[{"field":"transactions[0].item_list.items[0].price","issue":"Required field is missing."},{"field":"transactions[0].item_list.items[0].name","issue":"Value must not be blank."},{"field":"transactions[0].amount.total","issue":"Required field is missing."}],"message":"Invalid request. See details.","information_link":"https://developer.paypal.com/webapps/developer/docs/api/#VALIDATION_ERROR","debug_id":"ba5a43e7a355"}
[21-07-2016 05:32:14] PayPal\Core\PayPalHttpConnection : INFO: POST https://api.sandbox.paypal.com/v1/oauth2/token
[21-07-2016 05:32:15] PayPal\Core\PayPalHttpConnection : INFO: Response Status 	: 200
[21-07-2016 05:32:15] PayPal\Core\PayPalHttpConnection : INFO: POST https://api.sandbox.paypal.com/v1/payments/payment
[21-07-2016 05:32:16] PayPal\Core\PayPalHttpConnection : INFO: Response Status 	: 400
[21-07-2016 05:32:16] PayPal\Core\PayPalHttpConnection : ERROR: Got Http response code 400 when accessing https://api.sandbox.paypal.com/v1/payments/payment. {"name":"VALIDATION_ERROR","details":[{"field":"transactions[0].item_list.items[0].name","issue":"Value must not be blank."},{"field":"transactions[0].item_list.items[0].price","issue":"Required field is missing."},{"field":"transactions[0].amount.total","issue":"Required field is missing."}],"message":"Invalid request. See details.","information_link":"https://developer.paypal.com/webapps/developer/docs/api/#VALIDATION_ERROR","debug_id":"baabe7fa936a8"}
[21-07-2016 05:32:52] PayPal\Core\PayPalHttpConnection : INFO: POST https://api.sandbox.paypal.com/v1/oauth2/token
[21-07-2016 05:32:53] PayPal\Core\PayPalHttpConnection : INFO: Response Status 	: 200
[21-07-2016 05:32:53] PayPal\Core\PayPalHttpConnection : INFO: POST https://api.sandbox.paypal.com/v1/payments/payment
[21-07-2016 05:32:55] PayPal\Core\PayPalHttpConnection : INFO: Response Status 	: 400
[21-07-2016 05:32:55] PayPal\Core\PayPalHttpConnection : ERROR: Got Http response code 400 when accessing https://api.sandbox.paypal.com/v1/payments/payment. {"name":"VALIDATION_ERROR","details":[{"field":"transactions[0].amount.total","issue":"Required field is missing."},{"field":"transactions[0].item_list.items[0].name","issue":"Value must not be blank."},{"field":"transactions[0].item_list.items[0].price","issue":"Required field is missing."}],"message":"Invalid request. See details.","information_link":"https://developer.paypal.com/webapps/developer/docs/api/#VALIDATION_ERROR","debug_id":"5a24c20fa8a45"}
[21-07-2016 05:33:14] PayPal\Core\PayPalHttpConnection : INFO: POST https://api.sandbox.paypal.com/v1/oauth2/token
[21-07-2016 05:33:16] PayPal\Core\PayPalHttpConnection : INFO: Response Status 	: 200
[21-07-2016 05:33:16] PayPal\Core\PayPalHttpConnection : INFO: POST https://api.sandbox.paypal.com/v1/payments/payment
[21-07-2016 05:33:17] PayPal\Core\PayPalHttpConnection : INFO: Response Status 	: 400
[21-07-2016 05:33:17] PayPal\Core\PayPalHttpConnection : ERROR: Got Http response code 400 when accessing https://api.sandbox.paypal.com/v1/payments/payment. {"name":"VALIDATION_ERROR","details":[{"field":"transactions[0].amount.total","issue":"Required field is missing."},{"field":"transactions[0].item_list.items[0].price","issue":"Required field is missing."},{"field":"transactions[0].item_list.items[0].name","issue":"Value must not be blank."}],"message":"Invalid request. See details.","information_link":"https://developer.paypal.com/webapps/developer/docs/api/#VALIDATION_ERROR","debug_id":"187b08982be8e"}
[21-07-2016 06:03:00] PayPal\Core\PayPalHttpConnection : INFO: POST https://api.sandbox.paypal.com/v1/oauth2/token
[21-07-2016 06:03:02] PayPal\Core\PayPalHttpConnection : INFO: Response Status 	: 200
[21-07-2016 06:03:02] PayPal\Core\PayPalHttpConnection : INFO: POST https://api.sandbox.paypal.com/v1/payments/payment
[21-07-2016 06:03:15] PayPal\Core\PayPalHttpConnection : INFO: Response Status 	: 201
[21-07-2016 08:42:25] PayPal\Core\PayPalHttpConnection : INFO: POST https://api.sandbox.paypal.com/v1/oauth2/token
[21-07-2016 08:42:28] PayPal\Core\PayPalHttpConnection : INFO: Response Status 	: 200
[21-07-2016 08:42:28] PayPal\Core\PayPalHttpConnection : INFO: POST https://api.sandbox.paypal.com/v1/payments/payment
[21-07-2016 08:42:40] PayPal\Core\PayPalHttpConnection : INFO: Response Status 	: 201
[21-07-2016 08:43:15] PayPal\Core\PayPalHttpConnection : INFO: POST https://api.sandbox.paypal.com/v1/oauth2/token
[21-07-2016 08:43:17] PayPal\Core\PayPalHttpConnection : INFO: Response Status 	: 200
[21-07-2016 08:43:17] PayPal\Core\PayPalHttpConnection : INFO: POST https://api.sandbox.paypal.com/v1/payments/payment
[21-07-2016 08:43:18] PayPal\Core\PayPalHttpConnection : INFO: Response Status 	: 400
[21-07-2016 08:43:18] PayPal\Core\PayPalHttpConnection : ERROR: Got Http response code 400 when accessing https://api.sandbox.paypal.com/v1/payments/payment. {"name":"VALIDATION_ERROR","details":[{"field":"transactions[0].item_list.items[0].price","issue":"Required field is missing."},{"field":"transactions[0].amount.total","issue":"Required field is missing."},{"field":"transactions[0].item_list.items[0].name","issue":"Value must not be blank."}],"message":"Invalid request. See details.","information_link":"https://developer.paypal.com/webapps/developer/docs/api/#VALIDATION_ERROR","debug_id":"ce6f6243d1c31"}
[21-07-2016 08:44:29] PayPal\Core\PayPalHttpConnection : INFO: POST https://api.sandbox.paypal.com/v1/oauth2/token
[21-07-2016 08:44:31] PayPal\Core\PayPalHttpConnection : INFO: Response Status 	: 200
[21-07-2016 08:44:31] PayPal\Core\PayPalHttpConnection : INFO: POST https://api.sandbox.paypal.com/v1/payments/payment
[21-07-2016 08:44:42] PayPal\Core\PayPalHttpConnection : INFO: Response Status 	: 201
[21-07-2016 08:50:22] PayPal\Core\PayPalHttpConnection : INFO: POST https://api.sandbox.paypal.com/v1/oauth2/token
[21-07-2016 08:50:24] PayPal\Core\PayPalHttpConnection : INFO: Response Status 	: 200
[21-07-2016 08:50:24] PayPal\Core\PayPalHttpConnection : INFO: POST https://api.sandbox.paypal.com/v1/payments/payment
[21-07-2016 08:50:35] PayPal\Core\PayPalHttpConnection : INFO: Response Status 	: 201
[21-07-2016 12:10:36] PayPal\Core\PayPalHttpConnection : INFO: POST https://api.sandbox.paypal.com/v1/oauth2/token
[21-07-2016 12:10:38] PayPal\Core\PayPalHttpConnection : INFO: Response Status 	: 200
[21-07-2016 12:10:38] PayPal\Core\PayPalHttpConnection : INFO: POST https://api.sandbox.paypal.com/v1/payments/payment
[21-07-2016 12:10:40] PayPal\Core\PayPalHttpConnection : INFO: Response Status 	: 201
[21-07-2016 12:12:29] PayPal\Core\PayPalHttpConnection : INFO: POST https://api.sandbox.paypal.com/v1/oauth2/token
[21-07-2016 12:12:32] PayPal\Core\PayPalHttpConnection : INFO: Response Status 	: 200
[21-07-2016 12:12:32] PayPal\Core\PayPalHttpConnection : INFO: POST https://api.sandbox.paypal.com/v1/payments/payment
[21-07-2016 12:12:35] PayPal\Core\PayPalHttpConnection : INFO: Response Status 	: 201
[21-07-2016 12:21:46] PayPal\Core\PayPalHttpConnection : INFO: POST https://api.sandbox.paypal.com/v1/oauth2/token
[21-07-2016 12:21:47] PayPal\Core\PayPalHttpConnection : INFO: Response Status 	: 200
[21-07-2016 12:21:47] PayPal\Core\PayPalHttpConnection : INFO: POST https://api.sandbox.paypal.com/v1/payments/payment
[21-07-2016 12:21:49] PayPal\Core\PayPalHttpConnection : INFO: Response Status 	: 201
[21-07-2016 12:22:52] PayPal\Core\PayPalHttpConnection : INFO: POST https://api.sandbox.paypal.com/v1/oauth2/token
[21-07-2016 12:22:53] PayPal\Core\PayPalHttpConnection : INFO: Response Status 	: 200
[21-07-2016 12:22:53] PayPal\Core\PayPalHttpConnection : INFO: POST https://api.sandbox.paypal.com/v1/payments/payment
[21-07-2016 12:22:55] PayPal\Core\PayPalHttpConnection : INFO: Response Status 	: 201
[21-07-2016 12:23:29] PayPal\Core\PayPalHttpConnection : INFO: POST https://api.sandbox.paypal.com/v1/oauth2/token
[21-07-2016 12:23:31] PayPal\Core\PayPalHttpConnection : INFO: Response Status 	: 200
[21-07-2016 12:23:31] PayPal\Core\PayPalHttpConnection : INFO: POST https://api.sandbox.paypal.com/v1/payments/payment
[21-07-2016 12:23:33] PayPal\Core\PayPalHttpConnection : INFO: Response Status 	: 201
[21-07-2016 12:25:07] PayPal\Core\PayPalHttpConnection : INFO: POST https://api.sandbox.paypal.com/v1/oauth2/token
[21-07-2016 12:25:08] PayPal\Core\PayPalHttpConnection : INFO: Response Status 	: 200
[21-07-2016 12:25:08] PayPal\Core\PayPalHttpConnection : INFO: POST https://api.sandbox.paypal.com/v1/payments/payment
[21-07-2016 12:25:10] PayPal\Core\PayPalHttpConnection : INFO: Response Status 	: 201
[21-07-2016 12:25:39] PayPal\Core\PayPalHttpConnection : INFO: POST https://api.sandbox.paypal.com/v1/oauth2/token
[21-07-2016 12:25:41] PayPal\Core\PayPalHttpConnection : INFO: Response Status 	: 200
[21-07-2016 12:25:41] PayPal\Core\PayPalHttpConnection : INFO: POST https://api.sandbox.paypal.com/v1/payments/payment
[21-07-2016 12:25:44] PayPal\Core\PayPalHttpConnection : INFO: Response Status 	: 201
[21-07-2016 12:25:47] PayPal\Core\PayPalHttpConnection : INFO: POST https://api.sandbox.paypal.com/v1/oauth2/token
[21-07-2016 12:25:49] PayPal\Core\PayPalHttpConnection : INFO: Response Status 	: 200
[21-07-2016 12:25:49] PayPal\Core\PayPalHttpConnection : INFO: POST https://api.sandbox.paypal.com/v1/payments/payment
[21-07-2016 12:25:50] PayPal\Core\PayPalHttpConnection : INFO: Response Status 	: 201
[21-07-2016 12:27:57] PayPal\Core\PayPalHttpConnection : INFO: POST https://api.sandbox.paypal.com/v1/oauth2/token
[21-07-2016 12:27:58] PayPal\Core\PayPalHttpConnection : INFO: Response Status 	: 200
[21-07-2016 12:27:58] PayPal\Core\PayPalHttpConnection : INFO: POST https://api.sandbox.paypal.com/v1/payments/payment
[21-07-2016 12:27:59] PayPal\Core\PayPalHttpConnection : INFO: Response Status 	: 201
[21-07-2016 12:34:33] PayPal\Core\PayPalHttpConnection : INFO: POST https://api.sandbox.paypal.com/v1/oauth2/token
[21-07-2016 12:34:35] PayPal\Core\PayPalHttpConnection : INFO: Response Status 	: 200
[21-07-2016 12:34:35] PayPal\Core\PayPalHttpConnection : INFO: POST https://api.sandbox.paypal.com/v1/payments/payment
[21-07-2016 12:34:36] PayPal\Core\PayPalHttpConnection : INFO: Response Status 	: 201
[21-07-2016 12:43:36] PayPal\Core\PayPalHttpConnection : INFO: POST https://api.sandbox.paypal.com/v1/oauth2/token
[21-07-2016 12:43:39] PayPal\Core\PayPalHttpConnection : INFO: Response Status 	: 200
[21-07-2016 12:43:39] PayPal\Core\PayPalHttpConnection : INFO: POST https://api.sandbox.paypal.com/v1/payments/payment
[21-07-2016 12:43:42] PayPal\Core\PayPalHttpConnection : INFO: Response Status 	: 201
[21-07-2016 12:46:47] PayPal\Core\PayPalHttpConnection : INFO: POST https://api.sandbox.paypal.com/v1/oauth2/token
[21-07-2016 12:46:50] PayPal\Core\PayPalHttpConnection : INFO: Response Status 	: 200
[21-07-2016 12:46:50] PayPal\Core\PayPalHttpConnection : INFO: POST https://api.sandbox.paypal.com/v1/payments/payment
[21-07-2016 12:46:52] PayPal\Core\PayPalHttpConnection : INFO: Response Status 	: 201
[21-07-2016 12:47:36] PayPal\Core\PayPalHttpConnection : INFO: POST https://api.sandbox.paypal.com/v1/oauth2/token
[21-07-2016 12:47:37] PayPal\Core\PayPalHttpConnection : INFO: Response Status 	: 200
[21-07-2016 12:47:37] PayPal\Core\PayPalHttpConnection : INFO: POST https://api.sandbox.paypal.com/v1/payments/payment
[21-07-2016 12:47:38] PayPal\Core\PayPalHttpConnection : INFO: Response Status 	: 201
[21-07-2016 02:59:33] PayPal\Core\PayPalHttpConnection : INFO: POST https://api.sandbox.paypal.com/v1/oauth2/token
[21-07-2016 02:59:35] PayPal\Core\PayPalHttpConnection : INFO: Response Status 	: 200
[21-07-2016 02:59:35] PayPal\Core\PayPalHttpConnection : INFO: POST https://api.sandbox.paypal.com/v1/payments/payment
[21-07-2016 02:59:36] PayPal\Core\PayPalHttpConnection : INFO: Response Status 	: 201
[21-07-2016 03:00:43] PayPal\Core\PayPalHttpConnection : INFO: POST https://api.sandbox.paypal.com/v1/oauth2/token
[21-07-2016 03:00:44] PayPal\Core\PayPalHttpConnection : INFO: Response Status 	: 200
[21-07-2016 03:00:44] PayPal\Core\PayPalHttpConnection : INFO: POST https://api.sandbox.paypal.com/v1/payments/payment
[21-07-2016 03:00:46] PayPal\Core\PayPalHttpConnection : INFO: Response Status 	: 201
[21-07-2016 03:04:43] PayPal\Core\PayPalHttpConnection : INFO: POST https://api.sandbox.paypal.com/v1/oauth2/token
[21-07-2016 03:04:46] PayPal\Core\PayPalHttpConnection : INFO: Response Status 	: 200
[21-07-2016 03:04:46] PayPal\Core\PayPalHttpConnection : INFO: POST https://api.sandbox.paypal.com/v1/payments/payment
[21-07-2016 03:04:48] PayPal\Core\PayPalHttpConnection : INFO: Response Status 	: 201
[21-07-2016 03:07:57] PayPal\Core\PayPalHttpConnection : INFO: POST https://api.sandbox.paypal.com/v1/oauth2/token
[21-07-2016 03:07:58] PayPal\Core\PayPalHttpConnection : INFO: Response Status 	: 200
[21-07-2016 03:07:58] PayPal\Core\PayPalHttpConnection : INFO: POST https://api.sandbox.paypal.com/v1/payments/payment
[21-07-2016 03:07:59] PayPal\Core\PayPalHttpConnection : INFO: Response Status 	: 201
[22-07-2016 04:55:44] PayPal\Core\PayPalHttpConnection : INFO: POST https://api.sandbox.paypal.com/v1/oauth2/token
[22-07-2016 04:55:48] PayPal\Core\PayPalHttpConnection : INFO: Response Status 	: 200
[22-07-2016 04:55:48] PayPal\Core\PayPalHttpConnection : INFO: POST https://api.sandbox.paypal.com/v1/payments/payment
[22-07-2016 04:55:50] PayPal\Core\PayPalHttpConnection : INFO: Response Status 	: 201
[22-07-2016 04:56:28] PayPal\Core\PayPalHttpConnection : INFO: POST https://api.sandbox.paypal.com/v1/oauth2/token
[22-07-2016 04:56:29] PayPal\Core\PayPalHttpConnection : INFO: Response Status 	: 200
[22-07-2016 04:56:29] PayPal\Core\PayPalHttpConnection : INFO: GET https://api.sandbox.paypal.com/v1/payments/payment/PAY-0M052046G4070512JK6I2OVI
[22-07-2016 04:56:31] PayPal\Core\PayPalHttpConnection : INFO: Response Status 	: 200
[22-07-2016 04:56:31] PayPal\Core\PayPalHttpConnection : INFO: POST https://api.sandbox.paypal.com/v1/payments/payment/PAY-0M052046G4070512JK6I2OVI/execute
[22-07-2016 04:56:33] PayPal\Core\PayPalHttpConnection : INFO: Response Status 	: 200
[22-07-2016 06:49:28] PayPal\Core\PayPalHttpConnection : INFO: POST https://api.sandbox.paypal.com/v1/oauth2/token
[22-07-2016 06:49:31] PayPal\Core\PayPalHttpConnection : INFO: Response Status 	: 200
[22-07-2016 06:49:31] PayPal\Core\PayPalHttpConnection : INFO: POST https://api.sandbox.paypal.com/v1/payments/payment
[22-07-2016 06:49:35] PayPal\Core\PayPalHttpConnection : INFO: Response Status 	: 201
[22-07-2016 06:50:15] PayPal\Core\PayPalHttpConnection : INFO: POST https://api.sandbox.paypal.com/v1/oauth2/token
[22-07-2016 06:50:20] PayPal\Core\PayPalHttpConnection : INFO: Response Status 	: 200
[22-07-2016 06:50:20] PayPal\Core\PayPalHttpConnection : INFO: GET https://api.sandbox.paypal.com/v1/payments/payment/PAY-0PV37763T18085604K6I4D7I
[22-07-2016 06:50:23] PayPal\Core\PayPalHttpConnection : INFO: Response Status 	: 200
[22-07-2016 06:50:23] PayPal\Core\PayPalHttpConnection : INFO: POST https://api.sandbox.paypal.com/v1/payments/payment/PAY-0PV37763T18085604K6I4D7I/execute
[22-07-2016 06:50:26] PayPal\Core\PayPalHttpConnection : INFO: Response Status 	: 200
[22-07-2016 06:51:53] PayPal\Core\PayPalHttpConnection : INFO: POST https://api.sandbox.paypal.com/v1/oauth2/token
[22-07-2016 06:51:54] PayPal\Core\PayPalHttpConnection : INFO: Response Status 	: 200
[22-07-2016 06:51:54] PayPal\Core\PayPalHttpConnection : INFO: POST https://api.sandbox.paypal.com/v1/payments/payment
[22-07-2016 06:51:56] PayPal\Core\PayPalHttpConnection : INFO: Response Status 	: 201
[22-07-2016 06:52:09] PayPal\Core\PayPalHttpConnection : INFO: POST https://api.sandbox.paypal.com/v1/oauth2/token
[22-07-2016 06:52:11] PayPal\Core\PayPalHttpConnection : INFO: Response Status 	: 200
[22-07-2016 06:52:11] PayPal\Core\PayPalHttpConnection : INFO: GET https://api.sandbox.paypal.com/v1/payments/payment/PAY-89V82422YH526024AK6I4FCY
[22-07-2016 06:52:12] PayPal\Core\PayPalHttpConnection : INFO: Response Status 	: 200
[22-07-2016 06:52:12] PayPal\Core\PayPalHttpConnection : INFO: POST https://api.sandbox.paypal.com/v1/payments/payment/PAY-89V82422YH526024AK6I4FCY/execute
[22-07-2016 06:52:14] PayPal\Core\PayPalHttpConnection : INFO: Response Status 	: 200
[22-07-2016 07:18:04] PayPal\Core\PayPalHttpConnection : INFO: POST https://api.sandbox.paypal.com/v1/oauth2/token
[22-07-2016 07:18:06] PayPal\Core\PayPalHttpConnection : INFO: Response Status 	: 200
[22-07-2016 07:18:06] PayPal\Core\PayPalHttpConnection : INFO: POST https://api.sandbox.paypal.com/v1/payments/payment
[22-07-2016 07:18:07] PayPal\Core\PayPalHttpConnection : INFO: Response Status 	: 201
[22-07-2016 07:20:50] PayPal\Core\PayPalHttpConnection : INFO: POST https://api.sandbox.paypal.com/v1/oauth2/token
[22-07-2016 07:20:53] PayPal\Core\PayPalHttpConnection : INFO: Response Status 	: 200
[22-07-2016 07:20:53] PayPal\Core\PayPalHttpConnection : INFO: GET https://api.sandbox.paypal.com/v1/payments/payment/PAY-17182545WD171080JK6I4RLY
[22-07-2016 07:20:54] PayPal\Core\PayPalHttpConnection : INFO: Response Status 	: 200
[22-07-2016 07:20:54] PayPal\Core\PayPalHttpConnection : INFO: POST https://api.sandbox.paypal.com/v1/payments/payment/PAY-17182545WD171080JK6I4RLY/execute
[22-07-2016 07:20:57] PayPal\Core\PayPalHttpConnection : INFO: Response Status 	: 200
[22-07-2016 10:24:25] PayPal\Core\PayPalHttpConnection : INFO: POST https://api.sandbox.paypal.com/v1/oauth2/token
[22-07-2016 10:24:26] PayPal\Core\PayPalHttpConnection : INFO: Response Status 	: 200
[22-07-2016 10:24:26] PayPal\Core\PayPalHttpConnection : INFO: POST https://api.sandbox.paypal.com/v1/payments/payment
[22-07-2016 10:24:28] PayPal\Core\PayPalHttpConnection : INFO: Response Status 	: 201
[22-07-2016 10:26:36] PayPal\Core\PayPalHttpConnection : INFO: POST https://api.sandbox.paypal.com/v1/oauth2/token
[22-07-2016 10:26:38] PayPal\Core\PayPalHttpConnection : INFO: Response Status 	: 200
[22-07-2016 10:26:38] PayPal\Core\PayPalHttpConnection : INFO: GET https://api.sandbox.paypal.com/v1/payments/payment/PAY-81603641VC662733UK6I7IWY
[22-07-2016 10:26:39] PayPal\Core\PayPalHttpConnection : INFO: Response Status 	: 200
[22-07-2016 10:26:39] PayPal\Core\PayPalHttpConnection : INFO: POST https://api.sandbox.paypal.com/v1/payments/payment/PAY-81603641VC662733UK6I7IWY/execute
[22-07-2016 10:26:42] PayPal\Core\PayPalHttpConnection : INFO: Response Status 	: 200
[22-07-2016 10:27:44] PayPal\Core\PayPalHttpConnection : INFO: POST https://api.sandbox.paypal.com/v1/oauth2/token
[22-07-2016 10:27:46] PayPal\Core\PayPalHttpConnection : INFO: Response Status 	: 200
[22-07-2016 10:27:46] PayPal\Core\PayPalHttpConnection : INFO: POST https://api.sandbox.paypal.com/v1/payments/payment
[22-07-2016 10:27:51] PayPal\Core\PayPalHttpConnection : INFO: Response Status 	: 201
[22-07-2016 10:30:28] PayPal\Core\PayPalHttpConnection : INFO: POST https://api.sandbox.paypal.com/v1/oauth2/token
[22-07-2016 10:30:30] PayPal\Core\PayPalHttpConnection : INFO: Response Status 	: 200
[22-07-2016 10:30:30] PayPal\Core\PayPalHttpConnection : INFO: GET https://api.sandbox.paypal.com/v1/payments/payment/PAY-7C862029LR095661UK6I7KJQ
[22-07-2016 10:30:31] PayPal\Core\PayPalHttpConnection : INFO: Response Status 	: 200
[22-07-2016 10:30:31] PayPal\Core\PayPalHttpConnection : INFO: POST https://api.sandbox.paypal.com/v1/payments/payment/PAY-7C862029LR095661UK6I7KJQ/execute
[22-07-2016 10:30:34] PayPal\Core\PayPalHttpConnection : INFO: Response Status 	: 200
[22-07-2016 10:31:08] PayPal\Core\PayPalHttpConnection : INFO: POST https://api.sandbox.paypal.com/v1/oauth2/token
[22-07-2016 10:31:09] PayPal\Core\PayPalHttpConnection : INFO: Response Status 	: 200
[22-07-2016 10:31:09] PayPal\Core\PayPalHttpConnection : INFO: POST https://api.sandbox.paypal.com/v1/payments/payment
[22-07-2016 10:31:10] PayPal\Core\PayPalHttpConnection : INFO: Response Status 	: 201
[22-07-2016 10:31:24] PayPal\Core\PayPalHttpConnection : INFO: POST https://api.sandbox.paypal.com/v1/oauth2/token
[22-07-2016 10:31:25] PayPal\Core\PayPalHttpConnection : INFO: Response Status 	: 200
[22-07-2016 10:31:25] PayPal\Core\PayPalHttpConnection : INFO: GET https://api.sandbox.paypal.com/v1/payments/payment/PAY-5W33739388629381KK6I7L3Q
[22-07-2016 10:31:27] PayPal\Core\PayPalHttpConnection : INFO: Response Status 	: 200
[22-07-2016 10:31:27] PayPal\Core\PayPalHttpConnection : INFO: POST https://api.sandbox.paypal.com/v1/payments/payment/PAY-5W33739388629381KK6I7L3Q/execute
[22-07-2016 10:31:30] PayPal\Core\PayPalHttpConnection : INFO: Response Status 	: 200
[22-07-2016 11:22:06] PayPal\Core\PayPalHttpConnection : INFO: POST https://api.sandbox.paypal.com/v1/oauth2/token
[22-07-2016 11:22:07] PayPal\Core\PayPalHttpConnection : INFO: Response Status 	: 200
[22-07-2016 11:22:07] PayPal\Core\PayPalHttpConnection : INFO: POST https://api.sandbox.paypal.com/v1/payments/payment
[22-07-2016 11:22:09] PayPal\Core\PayPalHttpConnection : INFO: Response Status 	: 400
[22-07-2016 11:22:09] PayPal\Core\PayPalHttpConnection : ERROR: Got Http response code 400 when accessing https://api.sandbox.paypal.com/v1/payments/payment. {"name":"VALIDATION_ERROR","details":[{"field":"transactions[0].amount","issue":"Amount cannot be zero"}],"message":"Invalid request - see details","information_link":"https://developer.paypal.com/docs/api/#VALIDATION_ERROR","debug_id":"6a5f144471d76"}
[22-07-2016 11:22:40] PayPal\Core\PayPalHttpConnection : INFO: POST https://api.sandbox.paypal.com/v1/oauth2/token
[22-07-2016 11:22:41] PayPal\Core\PayPalHttpConnection : INFO: Response Status 	: 200
[22-07-2016 11:22:41] PayPal\Core\PayPalHttpConnection : INFO: POST https://api.sandbox.paypal.com/v1/payments/payment
[22-07-2016 11:22:43] PayPal\Core\PayPalHttpConnection : INFO: Response Status 	: 201
[22-07-2016 11:23:09] PayPal\Core\PayPalHttpConnection : INFO: POST https://api.sandbox.paypal.com/v1/oauth2/token
[22-07-2016 11:23:11] PayPal\Core\PayPalHttpConnection : INFO: Response Status 	: 200
[22-07-2016 11:23:11] PayPal\Core\PayPalHttpConnection : INFO: GET https://api.sandbox.paypal.com/v1/payments/payment/PAY-5R948456PT068872HK6JAEAY
[22-07-2016 11:23:12] PayPal\Core\PayPalHttpConnection : INFO: Response Status 	: 200
[22-07-2016 11:23:12] PayPal\Core\PayPalHttpConnection : INFO: POST https://api.sandbox.paypal.com/v1/payments/payment/PAY-5R948456PT068872HK6JAEAY/execute
[22-07-2016 11:23:17] PayPal\Core\PayPalHttpConnection : INFO: Response Status 	: 200
[22-07-2016 11:46:53] PayPal\Core\PayPalHttpConnection : INFO: POST https://api.sandbox.paypal.com/v1/oauth2/token
[22-07-2016 11:46:55] PayPal\Core\PayPalHttpConnection : INFO: Response Status 	: 200
[22-07-2016 11:46:55] PayPal\Core\PayPalHttpConnection : INFO: POST https://api.sandbox.paypal.com/v1/payments/payment
[22-07-2016 11:46:56] PayPal\Core\PayPalHttpConnection : INFO: Response Status 	: 400
[22-07-2016 11:46:56] PayPal\Core\PayPalHttpConnection : ERROR: Got Http response code 400 when accessing https://api.sandbox.paypal.com/v1/payments/payment. {"name":"VALIDATION_ERROR","details":[{"field":"transactions.amount","issue":"Currency amount must be non-negative number, may optionally contain exactly 2 decimal places separated by '.', optional thousands separator ',', limited to 7 digits before the decimal point and currency which is a valid ISO Currency Code"}],"message":"Invalid request - see details","information_link":"https://developer.paypal.com/docs/api/#VALIDATION_ERROR","debug_id":"e359b6ab6c8bf"}
[22-07-2016 11:47:25] PayPal\Core\PayPalHttpConnection : INFO: POST https://api.sandbox.paypal.com/v1/oauth2/token
[22-07-2016 11:47:27] PayPal\Core\PayPalHttpConnection : INFO: Response Status 	: 200
[22-07-2016 11:47:27] PayPal\Core\PayPalHttpConnection : INFO: POST https://api.sandbox.paypal.com/v1/payments/payment
[22-07-2016 11:47:28] PayPal\Core\PayPalHttpConnection : INFO: Response Status 	: 201
[22-07-2016 11:47:56] PayPal\Core\PayPalHttpConnection : INFO: POST https://api.sandbox.paypal.com/v1/oauth2/token
[22-07-2016 11:47:58] PayPal\Core\PayPalHttpConnection : INFO: Response Status 	: 200
[22-07-2016 11:47:58] PayPal\Core\PayPalHttpConnection : INFO: GET https://api.sandbox.paypal.com/v1/payments/payment/PAY-75A90906NP1630427K6JAPUA
[22-07-2016 11:47:59] PayPal\Core\PayPalHttpConnection : INFO: Response Status 	: 200
[22-07-2016 11:47:59] PayPal\Core\PayPalHttpConnection : INFO: POST https://api.sandbox.paypal.com/v1/payments/payment/PAY-75A90906NP1630427K6JAPUA/execute
[22-07-2016 11:48:02] PayPal\Core\PayPalHttpConnection : INFO: Response Status 	: 200
[22-07-2016 11:50:00] PayPal\Core\PayPalHttpConnection : INFO: POST https://api.sandbox.paypal.com/v1/oauth2/token
[22-07-2016 11:50:03] PayPal\Core\PayPalHttpConnection : INFO: Response Status 	: 200
[22-07-2016 11:50:03] PayPal\Core\PayPalHttpConnection : INFO: POST https://api.sandbox.paypal.com/v1/payments/payment
[22-07-2016 11:50:06] PayPal\Core\PayPalHttpConnection : INFO: Response Status 	: 201
[22-07-2016 11:50:22] PayPal\Core\PayPalHttpConnection : INFO: POST https://api.sandbox.paypal.com/v1/oauth2/token
[22-07-2016 11:50:24] PayPal\Core\PayPalHttpConnection : INFO: Response Status 	: 200
[22-07-2016 11:50:24] PayPal\Core\PayPalHttpConnection : INFO: GET https://api.sandbox.paypal.com/v1/payments/payment/PAY-7PH87471KG009305FK6JAQ3I
[22-07-2016 11:50:25] PayPal\Core\PayPalHttpConnection : INFO: Response Status 	: 200
[22-07-2016 11:50:25] PayPal\Core\PayPalHttpConnection : INFO: POST https://api.sandbox.paypal.com/v1/payments/payment/PAY-7PH87471KG009305FK6JAQ3I/execute
[22-07-2016 11:50:28] PayPal\Core\PayPalHttpConnection : INFO: Response Status 	: 200
[22-07-2016 11:50:58] PayPal\Core\PayPalHttpConnection : INFO: POST https://api.sandbox.paypal.com/v1/oauth2/token
[22-07-2016 11:50:59] PayPal\Core\PayPalHttpConnection : INFO: Response Status 	: 200
[22-07-2016 11:50:59] PayPal\Core\PayPalHttpConnection : INFO: POST https://api.sandbox.paypal.com/v1/payments/payment
[22-07-2016 11:51:01] PayPal\Core\PayPalHttpConnection : INFO: Response Status 	: 201
[22-07-2016 11:53:43] PayPal\Core\PayPalHttpConnection : INFO: POST https://api.sandbox.paypal.com/v1/oauth2/token
[22-07-2016 11:53:44] PayPal\Core\PayPalHttpConnection : INFO: Response Status 	: 200
[22-07-2016 11:53:44] PayPal\Core\PayPalHttpConnection : INFO: GET https://api.sandbox.paypal.com/v1/payments/payment/PAY-63M971302W5060339K6JARJI
[22-07-2016 11:53:45] PayPal\Core\PayPalHttpConnection : INFO: Response Status 	: 200
[22-07-2016 11:53:45] PayPal\Core\PayPalHttpConnection : INFO: POST https://api.sandbox.paypal.com/v1/payments/payment/PAY-63M971302W5060339K6JARJI/execute
[22-07-2016 11:53:48] PayPal\Core\PayPalHttpConnection : INFO: Response Status 	: 200
[25-07-2016 12:57:22] PayPal\Core\PayPalHttpConnection : INFO: POST https://api.sandbox.paypal.com/v1/oauth2/token
[25-07-2016 12:57:25] PayPal\Core\PayPalHttpConnection : INFO: Response Status 	: 200
[25-07-2016 12:57:25] PayPal\Core\PayPalHttpConnection : INFO: POST https://api.sandbox.paypal.com/v1/payments/payment
[25-07-2016 12:57:27] PayPal\Core\PayPalHttpConnection : INFO: Response Status 	: 201
[18-08-2016 10:08:30] PayPal\Core\PayPalHttpConnection : INFO: POST https://api.sandbox.paypal.com/v1/oauth2/token
[18-08-2016 10:08:34] PayPal\Core\PayPalHttpConnection : INFO: Response Status 	: 200
[18-08-2016 10:08:34] PayPal\Core\PayPalHttpConnection : INFO: POST https://api.sandbox.paypal.com/v1/payments/payment
[18-08-2016 10:08:35] PayPal\Core\PayPalHttpConnection : INFO: Response Status 	: 201
[18-08-2016 11:04:40] PayPal\Core\PayPalHttpConnection : INFO: POST https://api.sandbox.paypal.com/v1/oauth2/token
[18-08-2016 11:04:48] PayPal\Core\PayPalHttpConnection : INFO: Response Status 	: 200
[18-08-2016 11:04:48] PayPal\Core\PayPalHttpConnection : INFO: POST https://api.sandbox.paypal.com/v1/payments/payment
[18-08-2016 11:04:50] PayPal\Core\PayPalHttpConnection : INFO: Response Status 	: 201
[18-08-2016 11:05:46] PayPal\Core\PayPalHttpConnection : INFO: POST https://api.sandbox.paypal.com/v1/oauth2/token
[18-08-2016 11:05:50] PayPal\Core\PayPalHttpConnection : INFO: Response Status 	: 200
[18-08-2016 11:05:50] PayPal\Core\PayPalHttpConnection : INFO: POST https://api.sandbox.paypal.com/v1/payments/payment
[18-08-2016 11:05:52] PayPal\Core\PayPalHttpConnection : INFO: Response Status 	: 201
[18-08-2016 11:11:04] PayPal\Core\PayPalHttpConnection : INFO: POST https://api.sandbox.paypal.com/v1/oauth2/token
[18-08-2016 11:11:05] PayPal\Core\PayPalHttpConnection : INFO: Response Status 	: 200
[18-08-2016 11:11:05] PayPal\Core\PayPalHttpConnection : INFO: GET https://api.sandbox.paypal.com/v1/payments/payment/PAY-61Y68578WC504491XK62ZNDY
[18-08-2016 11:11:06] PayPal\Core\PayPalHttpConnection : INFO: Response Status 	: 200
[18-08-2016 11:11:07] PayPal\Core\PayPalHttpConnection : INFO: POST https://api.sandbox.paypal.com/v1/payments/payment/PAY-61Y68578WC504491XK62ZNDY/execute
[18-08-2016 11:11:09] PayPal\Core\PayPalHttpConnection : INFO: Response Status 	: 200
[18-08-2016 11:15:45] PayPal\Core\PayPalHttpConnection : INFO: POST https://api.sandbox.paypal.com/v1/oauth2/token
[18-08-2016 11:15:50] PayPal\Core\PayPalHttpConnection : INFO: Response Status 	: 200
[18-08-2016 11:15:50] PayPal\Core\PayPalHttpConnection : INFO: POST https://api.sandbox.paypal.com/v1/payments/payment
[18-08-2016 11:15:59] PayPal\Core\PayPalHttpConnection : INFO: Response Status 	: 201
[18-08-2016 12:21:19] PayPal\Core\PayPalHttpConnection : INFO: POST https://api.sandbox.paypal.com/v1/oauth2/token
[18-08-2016 12:21:21] PayPal\Core\PayPalHttpConnection : INFO: Response Status 	: 200
[18-08-2016 12:21:21] PayPal\Core\PayPalHttpConnection : INFO: POST https://api.sandbox.paypal.com/v1/payments/payment
[18-08-2016 12:21:23] PayPal\Core\PayPalHttpConnection : INFO: Response Status 	: 201
[22-08-2016 06:47:46] PayPal\Core\PayPalHttpConnection : INFO: POST https://api.sandbox.paypal.com/v1/oauth2/token
[22-08-2016 06:47:48] PayPal\Core\PayPalHttpConnection : INFO: Response Status 	: 200
[22-08-2016 06:47:48] PayPal\Core\PayPalHttpConnection : INFO: POST https://api.sandbox.paypal.com/v1/payments/payment
[22-08-2016 06:47:49] PayPal\Core\PayPalHttpConnection : INFO: Response Status 	: 201
